<?xml version="1.0" encoding="UTF-8" ?>
<testsuite errors="0" failures="0" hostname="sk-dsktp" name="sk.tagext.TestUtils" skipped="0" tests="3" time="0.01" timestamp="2023-08-01T10:41:25">
  <properties>
[...]
</properties>
  <testcase classname="sk.tagext.TestUtils" name="testDrtnForPast" time="0.003" />
  <testcase classname="sk.tagext.TestUtils" name="testDrtnForToday" time="0.001" />
  <testcase classname="sk.tagext.TestUtils" name="testDrtnForFuture" time="0.0" />
  <system-out><![CDATA[]]></system-out>
  <system-err><![CDATA[]]></system-err>
</testsuite>
